{"C:\\Users\\PC\\Desktop\\PROGRAMACION3\\P3_31898868\\app.js": {"path":"C:\\Users\\PC\\Desktop\\PROGRAMACION3\\P3_31898868\\app.js","statementMap":{"0":{"start":{"line":1,"column":0},"end":{"line":1,"column":37}},"1":{"start":{"line":3,"column":0},"end":{"line":3,"column":27}},"2":{"start":{"line":4,"column":22},"end":{"line":4,"column":41}},"3":{"start":{"line":6,"column":19},"end":{"line":6,"column":43}},"4":{"start":{"line":7,"column":16},"end":{"line":7,"column":34}},"5":{"start":{"line":8,"column":12},"end":{"line":8,"column":21}},"6":{"start":{"line":9,"column":13},"end":{"line":9,"column":28}},"7":{"start":{"line":10,"column":21},"end":{"line":10,"column":45}},"8":{"start":{"line":11,"column":15},"end":{"line":11,"column":32}},"9":{"start":{"line":13,"column":20},"end":{"line":13,"column":45}},"10":{"start":{"line":14,"column":20},"end":{"line":14,"column":45}},"11":{"start":{"line":15,"column":23},"end":{"line":15,"column":52}},"12":{"start":{"line":17,"column":35},"end":{"line":17,"column":55}},"13":{"start":{"line":19,"column":25},"end":{"line":19,"column":55}},"14":{"start":{"line":20,"column":19},"end":{"line":20,"column":43}},"15":{"start":{"line":21,"column":23},"end":{"line":21,"column":51}},"16":{"start":{"line":25,"column":0},"end":{"line":25,"column":68}},"17":{"start":{"line":29,"column":0},"end":{"line":29,"column":53}},"18":{"start":{"line":31,"column":0},"end":{"line":31,"column":44}},"19":{"start":{"line":33,"column":0},"end":{"line":33,"column":23}},"20":{"start":{"line":34,"column":0},"end":{"line":34,"column":24}},"21":{"start":{"line":35,"column":0},"end":{"line":35,"column":49}},"22":{"start":{"line":36,"column":0},"end":{"line":36,"column":24}},"23":{"start":{"line":37,"column":0},"end":{"line":37,"column":56}},"24":{"start":{"line":38,"column":0},"end":{"line":38,"column":29}},"25":{"start":{"line":39,"column":0},"end":{"line":39,"column":47}},"26":{"start":{"line":40,"column":0},"end":{"line":40,"column":57}},"27":{"start":{"line":41,"column":0},"end":{"line":41,"column":45}},"28":{"start":{"line":42,"column":0},"end":{"line":42,"column":26}},"29":{"start":{"line":44,"column":0},"end":{"line":46,"column":3}},"30":{"start":{"line":45,"column":2},"end":{"line":45,"column":25}},"31":{"start":{"line":48,"column":0},"end":{"line":57,"column":3}},"32":{"start":{"line":49,"column":2},"end":{"line":56,"column":5}},"33":{"start":{"line":59,"column":0},"end":{"line":59,"column":21}}},"fnMap":{"0":{"name":"(anonymous_0)","decl":{"start":{"line":44,"column":17},"end":{"line":44,"column":18}},"loc":{"start":{"line":44,"column":31},"end":{"line":46,"column":1}},"line":44},"1":{"name":"(anonymous_1)","decl":{"start":{"line":48,"column":18},"end":{"line":48,"column":19}},"loc":{"start":{"line":48,"column":32},"end":{"line":57,"column":1}},"line":48}},"branchMap":{},"s":{"0":4,"1":4,"2":4,"3":4,"4":4,"5":4,"6":4,"7":4,"8":4,"9":4,"10":4,"11":4,"12":4,"13":4,"14":4,"15":4,"16":4,"17":4,"18":4,"19":4,"20":4,"21":4,"22":4,"23":4,"24":4,"25":4,"26":4,"27":4,"28":4,"29":4,"30":2,"31":4,"32":1,"33":4},"f":{"0":2,"1":1},"b":{},"_coverageSchema":"1a1c01bbd47fc00a2c39e90264f33305004495a9","hash":"129917f153e99f729fc5eb56800f66a7c3a18394"}
,"C:\\Users\\PC\\Desktop\\PROGRAMACION3\\P3_31898868\\swagger.js": {"path":"C:\\Users\\PC\\Desktop\\PROGRAMACION3\\P3_31898868\\swagger.js","statementMap":{"0":{"start":{"line":1,"column":21},"end":{"line":1,"column":45}},"1":{"start":{"line":2,"column":18},"end":{"line":2,"column":47}},"2":{"start":{"line":4,"column":16},"end":{"line":24,"column":1}},"3":{"start":{"line":26,"column":20},"end":{"line":26,"column":41}},"4":{"start":{"line":28,"column":0},"end":{"line":28,"column":44}}},"fnMap":{},"branchMap":{},"s":{"0":4,"1":4,"2":4,"3":4,"4":4},"f":{},"b":{},"_coverageSchema":"1a1c01bbd47fc00a2c39e90264f33305004495a9","hash":"1772bfcb962577e7da163a847cd8dcd6e8ce3594"}
,"C:\\Users\\PC\\Desktop\\PROGRAMACION3\\P3_31898868\\middlewares\\auth.js": {"path":"C:\\Users\\PC\\Desktop\\PROGRAMACION3\\P3_31898868\\middlewares\\auth.js","statementMap":{"0":{"start":{"line":1,"column":12},"end":{"line":1,"column":35}},"1":{"start":{"line":3,"column":0},"end":{"line":25,"column":2}},"2":{"start":{"line":4,"column":21},"end":{"line":4,"column":46}},"3":{"start":{"line":6,"column":2},"end":{"line":11,"column":3}},"4":{"start":{"line":7,"column":4},"end":{"line":10,"column":7}},"5":{"start":{"line":13,"column":16},"end":{"line":13,"column":40}},"6":{"start":{"line":15,"column":2},"end":{"line":24,"column":3}},"7":{"start":{"line":16,"column":20},"end":{"line":16,"column":61}},"8":{"start":{"line":17,"column":4},"end":{"line":17,"column":23}},"9":{"start":{"line":18,"column":4},"end":{"line":18,"column":11}},"10":{"start":{"line":20,"column":4},"end":{"line":23,"column":7}}},"fnMap":{"0":{"name":"(anonymous_0)","decl":{"start":{"line":3,"column":17},"end":{"line":3,"column":18}},"loc":{"start":{"line":3,"column":37},"end":{"line":25,"column":1}},"line":3}},"branchMap":{"0":{"loc":{"start":{"line":6,"column":2},"end":{"line":11,"column":3}},"type":"if","locations":[{"start":{"line":6,"column":2},"end":{"line":11,"column":3}},{"start":{},"end":{}}],"line":6},"1":{"loc":{"start":{"line":6,"column":6},"end":{"line":6,"column":54}},"type":"binary-expr","locations":[{"start":{"line":6,"column":6},"end":{"line":6,"column":17}},{"start":{"line":6,"column":21},"end":{"line":6,"column":54}}],"line":6}},"s":{"0":4,"1":4,"2":13,"3":13,"4":1,"5":12,"6":12,"7":12,"8":12,"9":12,"10":0},"f":{"0":13},"b":{"0":[1,12],"1":[13,12]},"_coverageSchema":"1a1c01bbd47fc00a2c39e90264f33305004495a9","hash":"cdbd17f35dc63c05cefa017c7c6e4369c645cc17"}
,"C:\\Users\\PC\\Desktop\\PROGRAMACION3\\P3_31898868\\models\\category.js": {"path":"C:\\Users\\PC\\Desktop\\PROGRAMACION3\\P3_31898868\\models\\category.js","statementMap":{"0":{"start":{"line":1,"column":0},"end":{"line":10,"column":2}},"1":{"start":{"line":2,"column":19},"end":{"line":5,"column":33}},"2":{"start":{"line":6,"column":2},"end":{"line":8,"column":4}},"3":{"start":{"line":7,"column":4},"end":{"line":7,"column":67}},"4":{"start":{"line":9,"column":2},"end":{"line":9,"column":18}}},"fnMap":{"0":{"name":"(anonymous_0)","decl":{"start":{"line":1,"column":17},"end":{"line":1,"column":18}},"loc":{"start":{"line":1,"column":43},"end":{"line":10,"column":1}},"line":1},"1":{"name":"(anonymous_1)","decl":{"start":{"line":6,"column":23},"end":{"line":6,"column":24}},"loc":{"start":{"line":6,"column":35},"end":{"line":8,"column":3}},"line":6}},"branchMap":{},"s":{"0":4,"1":4,"2":4,"3":4,"4":4},"f":{"0":4,"1":4},"b":{},"_coverageSchema":"1a1c01bbd47fc00a2c39e90264f33305004495a9","hash":"7ab504137c078b9abc5d8dc08602f296e83d63e3"}
,"C:\\Users\\PC\\Desktop\\PROGRAMACION3\\P3_31898868\\models\\index.js": {"path":"C:\\Users\\PC\\Desktop\\PROGRAMACION3\\P3_31898868\\models\\index.js","statementMap":{"0":{"start":{"line":3,"column":11},"end":{"line":3,"column":24}},"1":{"start":{"line":4,"column":13},"end":{"line":4,"column":28}},"2":{"start":{"line":5,"column":18},"end":{"line":5,"column":38}},"3":{"start":{"line":6,"column":16},"end":{"line":6,"column":34}},"4":{"start":{"line":7,"column":17},"end":{"line":7,"column":42}},"5":{"start":{"line":8,"column":12},"end":{"line":8,"column":49}},"6":{"start":{"line":9,"column":15},"end":{"line":9,"column":65}},"7":{"start":{"line":10,"column":11},"end":{"line":10,"column":13}},"8":{"start":{"line":13,"column":0},"end":{"line":17,"column":1}},"9":{"start":{"line":14,"column":2},"end":{"line":14,"column":74}},"10":{"start":{"line":16,"column":2},"end":{"line":16,"column":87}},"11":{"start":{"line":19,"column":0},"end":{"line":32,"column":5}},"12":{"start":{"line":22,"column":4},"end":{"line":27,"column":6}},"13":{"start":{"line":30,"column":18},"end":{"line":30,"column":85}},"14":{"start":{"line":31,"column":4},"end":{"line":31,"column":27}},"15":{"start":{"line":34,"column":0},"end":{"line":38,"column":3}},"16":{"start":{"line":35,"column":2},"end":{"line":37,"column":3}},"17":{"start":{"line":36,"column":4},"end":{"line":36,"column":32}},"18":{"start":{"line":40,"column":0},"end":{"line":40,"column":25}},"19":{"start":{"line":41,"column":0},"end":{"line":41,"column":25}},"20":{"start":{"line":43,"column":0},"end":{"line":43,"column":20}}},"fnMap":{"0":{"name":"(anonymous_0)","decl":{"start":{"line":21,"column":10},"end":{"line":21,"column":11}},"loc":{"start":{"line":21,"column":18},"end":{"line":28,"column":3}},"line":21},"1":{"name":"(anonymous_1)","decl":{"start":{"line":29,"column":11},"end":{"line":29,"column":12}},"loc":{"start":{"line":29,"column":19},"end":{"line":32,"column":3}},"line":29},"2":{"name":"(anonymous_2)","decl":{"start":{"line":34,"column":24},"end":{"line":34,"column":25}},"loc":{"start":{"line":34,"column":37},"end":{"line":38,"column":1}},"line":34}},"branchMap":{"0":{"loc":{"start":{"line":8,"column":12},"end":{"line":8,"column":49}},"type":"binary-expr","locations":[{"start":{"line":8,"column":12},"end":{"line":8,"column":32}},{"start":{"line":8,"column":36},"end":{"line":8,"column":49}}],"line":8},"1":{"loc":{"start":{"line":13,"column":0},"end":{"line":17,"column":1}},"type":"if","locations":[{"start":{"line":13,"column":0},"end":{"line":17,"column":1}},{"start":{"line":15,"column":7},"end":{"line":17,"column":1}}],"line":13},"2":{"loc":{"start":{"line":23,"column":6},"end":{"line":26,"column":37}},"type":"binary-expr","locations":[{"start":{"line":23,"column":6},"end":{"line":23,"column":29}},{"start":{"line":24,"column":6},"end":{"line":24,"column":23}},{"start":{"line":25,"column":6},"end":{"line":25,"column":30}},{"start":{"line":26,"column":6},"end":{"line":26,"column":37}}],"line":23},"3":{"loc":{"start":{"line":35,"column":2},"end":{"line":37,"column":3}},"type":"if","locations":[{"start":{"line":35,"column":2},"end":{"line":37,"column":3}},{"start":{},"end":{}}],"line":35}},"s":{"0":4,"1":4,"2":4,"3":4,"4":4,"5":4,"6":4,"7":4,"8":4,"9":0,"10":4,"11":4,"12":20,"13":16,"14":16,"15":4,"16":16,"17":16,"18":4,"19":4,"20":4},"f":{"0":20,"1":16,"2":16},"b":{"0":[4,0],"1":[0,4],"2":[20,20,16,16],"3":[16,0]},"_coverageSchema":"1a1c01bbd47fc00a2c39e90264f33305004495a9","hash":"975186284de8df1ef88bf53d99030bd313ee7275"}
,"C:\\Users\\PC\\Desktop\\PROGRAMACION3\\P3_31898868\\models\\product.js": {"path":"C:\\Users\\PC\\Desktop\\PROGRAMACION3\\P3_31898868\\models\\product.js","statementMap":{"0":{"start":{"line":1,"column":16},"end":{"line":1,"column":34}},"1":{"start":{"line":4,"column":2},"end":{"line":4,"column":54}},"2":{"start":{"line":7,"column":0},"end":{"line":40,"column":2}},"3":{"start":{"line":8,"column":18},"end":{"line":24,"column":31}},"4":{"start":{"line":26,"column":2},"end":{"line":29,"column":4}},"5":{"start":{"line":27,"column":4},"end":{"line":27,"column":69}},"6":{"start":{"line":28,"column":4},"end":{"line":28,"column":90}},"7":{"start":{"line":31,"column":2},"end":{"line":33,"column":5}},"8":{"start":{"line":32,"column":4},"end":{"line":32,"column":58}},"9":{"start":{"line":32,"column":22},"end":{"line":32,"column":58}},"10":{"start":{"line":35,"column":2},"end":{"line":37,"column":5}},"11":{"start":{"line":36,"column":4},"end":{"line":36,"column":69}},"12":{"start":{"line":36,"column":33},"end":{"line":36,"column":69}},"13":{"start":{"line":39,"column":2},"end":{"line":39,"column":17}}},"fnMap":{"0":{"name":"toSlug","decl":{"start":{"line":3,"column":9},"end":{"line":3,"column":15}},"loc":{"start":{"line":3,"column":22},"end":{"line":5,"column":1}},"line":3},"1":{"name":"(anonymous_1)","decl":{"start":{"line":7,"column":17},"end":{"line":7,"column":18}},"loc":{"start":{"line":7,"column":43},"end":{"line":40,"column":1}},"line":7},"2":{"name":"(anonymous_2)","decl":{"start":{"line":26,"column":22},"end":{"line":26,"column":23}},"loc":{"start":{"line":26,"column":34},"end":{"line":29,"column":3}},"line":26},"3":{"name":"(anonymous_3)","decl":{"start":{"line":31,"column":36},"end":{"line":31,"column":37}},"loc":{"start":{"line":31,"column":49},"end":{"line":33,"column":3}},"line":31},"4":{"name":"(anonymous_4)","decl":{"start":{"line":35,"column":34},"end":{"line":35,"column":35}},"loc":{"start":{"line":35,"column":47},"end":{"line":37,"column":3}},"line":35}},"branchMap":{"0":{"loc":{"start":{"line":32,"column":4},"end":{"line":32,"column":58}},"type":"if","locations":[{"start":{"line":32,"column":4},"end":{"line":32,"column":58}},{"start":{},"end":{}}],"line":32},"1":{"loc":{"start":{"line":36,"column":4},"end":{"line":36,"column":69}},"type":"if","locations":[{"start":{"line":36,"column":4},"end":{"line":36,"column":69}},{"start":{},"end":{}}],"line":36}},"s":{"0":4,"1":0,"2":4,"3":4,"4":4,"5":4,"6":4,"7":4,"8":0,"9":0,"10":4,"11":0,"12":0,"13":4},"f":{"0":0,"1":4,"2":4,"3":0,"4":0},"b":{"0":[0,0],"1":[0,0]},"_coverageSchema":"1a1c01bbd47fc00a2c39e90264f33305004495a9","hash":"1cc9d5eebcda0857849e0613fb7f24785eb0d5d7"}
,"C:\\Users\\PC\\Desktop\\PROGRAMACION3\\P3_31898868\\models\\tag.js": {"path":"C:\\Users\\PC\\Desktop\\PROGRAMACION3\\P3_31898868\\models\\tag.js","statementMap":{"0":{"start":{"line":1,"column":0},"end":{"line":9,"column":2}},"1":{"start":{"line":2,"column":14},"end":{"line":4,"column":27}},"2":{"start":{"line":5,"column":2},"end":{"line":7,"column":4}},"3":{"start":{"line":6,"column":4},"end":{"line":6,"column":86}},"4":{"start":{"line":8,"column":2},"end":{"line":8,"column":13}}},"fnMap":{"0":{"name":"(anonymous_0)","decl":{"start":{"line":1,"column":17},"end":{"line":1,"column":18}},"loc":{"start":{"line":1,"column":43},"end":{"line":9,"column":1}},"line":1},"1":{"name":"(anonymous_1)","decl":{"start":{"line":5,"column":18},"end":{"line":5,"column":19}},"loc":{"start":{"line":5,"column":30},"end":{"line":7,"column":3}},"line":5}},"branchMap":{},"s":{"0":4,"1":4,"2":4,"3":4,"4":4},"f":{"0":4,"1":4},"b":{},"_coverageSchema":"1a1c01bbd47fc00a2c39e90264f33305004495a9","hash":"95af9c8a8dd7482853fc57599b0ed10988e5522f"}
,"C:\\Users\\PC\\Desktop\\PROGRAMACION3\\P3_31898868\\models\\user.js": {"path":"C:\\Users\\PC\\Desktop\\PROGRAMACION3\\P3_31898868\\models\\user.js","statementMap":{"0":{"start":{"line":4,"column":4},"end":{"line":4,"column":24}},"1":{"start":{"line":5,"column":0},"end":{"line":20,"column":2}},"2":{"start":{"line":10,"column":2},"end":{"line":18,"column":5}},"3":{"start":{"line":19,"column":2},"end":{"line":19,"column":14}}},"fnMap":{"0":{"name":"(anonymous_0)","decl":{"start":{"line":5,"column":17},"end":{"line":5,"column":18}},"loc":{"start":{"line":5,"column":43},"end":{"line":20,"column":1}},"line":5},"1":{"name":"(anonymous_1)","decl":{"start":{"line":7,"column":4},"end":{"line":7,"column":5}},"loc":{"start":{"line":7,"column":29},"end":{"line":8,"column":5}},"line":7}},"branchMap":{},"s":{"0":4,"1":4,"2":4,"3":4},"f":{"0":4,"1":4},"b":{},"_coverageSchema":"1a1c01bbd47fc00a2c39e90264f33305004495a9","hash":"c40bfdb3fb7efff25bc9ae24d0255ad77391fca2"}
,"C:\\Users\\PC\\Desktop\\PROGRAMACION3\\P3_31898868\\repositories\\ProductRepository.js": {"path":"C:\\Users\\PC\\Desktop\\PROGRAMACION3\\P3_31898868\\repositories\\ProductRepository.js","statementMap":{"0":{"start":{"line":1,"column":35},"end":{"line":1,"column":55}},"1":{"start":{"line":4,"column":23},"end":{"line":4,"column":51}},"2":{"start":{"line":5,"column":23},"end":{"line":5,"column":81}},"3":{"start":{"line":7,"column":20},"end":{"line":7,"column":46}},"4":{"start":{"line":8,"column":4},"end":{"line":8,"column":30}},"5":{"start":{"line":8,"column":18},"end":{"line":8,"column":30}},"6":{"start":{"line":9,"column":4},"end":{"line":9,"column":32}},"7":{"start":{"line":12,"column":20},"end":{"line":12,"column":46}},"8":{"start":{"line":13,"column":4},"end":{"line":13,"column":30}},"9":{"start":{"line":13,"column":18},"end":{"line":13,"column":30}},"10":{"start":{"line":14,"column":4},"end":{"line":14,"column":30}},"11":{"start":{"line":15,"column":4},"end":{"line":15,"column":28}},"12":{"start":{"line":16,"column":4},"end":{"line":16,"column":19}},"13":{"start":{"line":19,"column":4},"end":{"line":19,"column":58}},"14":{"start":{"line":19,"column":20},"end":{"line":19,"column":58}},"15":{"start":{"line":20,"column":4},"end":{"line":20,"column":46}},"16":{"start":{"line":20,"column":16},"end":{"line":20,"column":46}},"17":{"start":{"line":21,"column":4},"end":{"line":21,"column":37}},"18":{"start":{"line":24,"column":53},"end":{"line":24,"column":58}},"19":{"start":{"line":25,"column":4},"end":{"line":25,"column":93}},"20":{"start":{"line":28,"column":0},"end":{"line":28,"column":41}}},"fnMap":{"0":{"name":"(anonymous_0)","decl":{"start":{"line":4,"column":2},"end":{"line":4,"column":3}},"loc":{"start":{"line":4,"column":21},"end":{"line":4,"column":53}},"line":4},"1":{"name":"(anonymous_1)","decl":{"start":{"line":5,"column":2},"end":{"line":5,"column":3}},"loc":{"start":{"line":5,"column":21},"end":{"line":5,"column":83}},"line":5},"2":{"name":"(anonymous_2)","decl":{"start":{"line":6,"column":2},"end":{"line":6,"column":3}},"loc":{"start":{"line":6,"column":25},"end":{"line":10,"column":3}},"line":6},"3":{"name":"(anonymous_3)","decl":{"start":{"line":11,"column":2},"end":{"line":11,"column":3}},"loc":{"start":{"line":11,"column":19},"end":{"line":17,"column":3}},"line":11},"4":{"name":"(anonymous_4)","decl":{"start":{"line":18,"column":2},"end":{"line":18,"column":3}},"loc":{"start":{"line":18,"column":55},"end":{"line":22,"column":3}},"line":18},"5":{"name":"(anonymous_5)","decl":{"start":{"line":23,"column":2},"end":{"line":23,"column":3}},"loc":{"start":{"line":23,"column":20},"end":{"line":26,"column":3}},"line":23}},"branchMap":{"0":{"loc":{"start":{"line":8,"column":4},"end":{"line":8,"column":30}},"type":"if","locations":[{"start":{"line":8,"column":4},"end":{"line":8,"column":30}},{"start":{},"end":{}}],"line":8},"1":{"loc":{"start":{"line":13,"column":4},"end":{"line":13,"column":30}},"type":"if","locations":[{"start":{"line":13,"column":4},"end":{"line":13,"column":30}},{"start":{},"end":{}}],"line":13},"2":{"loc":{"start":{"line":18,"column":42},"end":{"line":18,"column":53}},"type":"default-arg","locations":[{"start":{"line":18,"column":51},"end":{"line":18,"column":53}}],"line":18},"3":{"loc":{"start":{"line":19,"column":4},"end":{"line":19,"column":58}},"type":"if","locations":[{"start":{"line":19,"column":4},"end":{"line":19,"column":58}},{"start":{},"end":{}}],"line":19},"4":{"loc":{"start":{"line":20,"column":4},"end":{"line":20,"column":46}},"type":"if","locations":[{"start":{"line":20,"column":4},"end":{"line":20,"column":46}},{"start":{},"end":{}}],"line":20}},"s":{"0":4,"1":0,"2":0,"3":0,"4":0,"5":0,"6":0,"7":0,"8":0,"9":0,"10":0,"11":0,"12":0,"13":0,"14":0,"15":0,"16":0,"17":0,"18":0,"19":0,"20":4},"f":{"0":0,"1":0,"2":0,"3":0,"4":0,"5":0},"b":{"0":[0,0],"1":[0,0],"2":[0],"3":[0,0],"4":[0,0]},"_coverageSchema":"1a1c01bbd47fc00a2c39e90264f33305004495a9","hash":"11620fc26316e8e661ba12b245cc814f00d4d628"}
,"C:\\Users\\PC\\Desktop\\PROGRAMACION3\\P3_31898868\\routes\\auth.js": {"path":"C:\\Users\\PC\\Desktop\\PROGRAMACION3\\P3_31898868\\routes\\auth.js","statementMap":{"0":{"start":{"line":3,"column":16},"end":{"line":3,"column":34}},"1":{"start":{"line":4,"column":15},"end":{"line":4,"column":32}},"2":{"start":{"line":5,"column":17},"end":{"line":5,"column":37}},"3":{"start":{"line":6,"column":15},"end":{"line":6,"column":31}},"4":{"start":{"line":41,"column":0},"end":{"line":67,"column":3}},"5":{"start":{"line":42,"column":46},"end":{"line":42,"column":54}},"6":{"start":{"line":44,"column":2},"end":{"line":65,"column":1}},"7":{"start":{"line":45,"column":21},"end":{"line":45,"column":61}},"8":{"start":{"line":46,"column":4},"end":{"line":48,"column":5}},"9":{"start":{"line":47,"column":6},"end":{"line":47,"column":96}},"10":{"start":{"line":50,"column":27},"end":{"line":50,"column":58}},"11":{"start":{"line":51,"column":17},"end":{"line":51,"column":87}},"12":{"start":{"line":52,"column":4},"end":{"line":52,"column":41}},"13":{"start":{"line":54,"column":4},"end":{"line":61,"column":7}},"14":{"start":{"line":63,"column":2},"end":{"line":63,"column":46}},"15":{"start":{"line":64,"column":2},"end":{"line":64,"column":77}},"16":{"start":{"line":71,"column":12},"end":{"line":71,"column":35}},"17":{"start":{"line":118,"column":0},"end":{"line":143,"column":3}},"18":{"start":{"line":119,"column":2},"end":{"line":142,"column":3}},"19":{"start":{"line":120,"column":32},"end":{"line":120,"column":40}},"20":{"start":{"line":122,"column":4},"end":{"line":124,"column":5}},"21":{"start":{"line":123,"column":6},"end":{"line":123,"column":106}},"22":{"start":{"line":126,"column":17},"end":{"line":126,"column":57}},"23":{"start":{"line":127,"column":4},"end":{"line":129,"column":5}},"24":{"start":{"line":128,"column":6},"end":{"line":128,"column":99}},"25":{"start":{"line":131,"column":18},"end":{"line":131,"column":63}},"26":{"start":{"line":132,"column":4},"end":{"line":134,"column":5}},"27":{"start":{"line":133,"column":6},"end":{"line":133,"column":99}},"28":{"start":{"line":135,"column":4},"end":{"line":135,"column":55}},"29":{"start":{"line":136,"column":18},"end":{"line":136,"column":88}},"30":{"start":{"line":138,"column":4},"end":{"line":138,"column":65}},"31":{"start":{"line":140,"column":4},"end":{"line":140,"column":43}},"32":{"start":{"line":141,"column":4},"end":{"line":141,"column":82}},"33":{"start":{"line":147,"column":23},"end":{"line":147,"column":53}},"34":{"start":{"line":174,"column":0},"end":{"line":182,"column":3}},"35":{"start":{"line":175,"column":2},"end":{"line":181,"column":3}},"36":{"start":{"line":176,"column":17},"end":{"line":176,"column":49}},"37":{"start":{"line":177,"column":4},"end":{"line":177,"column":48}},"38":{"start":{"line":179,"column":4},"end":{"line":179,"column":40}},"39":{"start":{"line":180,"column":4},"end":{"line":180,"column":83}},"40":{"start":{"line":184,"column":0},"end":{"line":184,"column":24}}},"fnMap":{"0":{"name":"(anonymous_0)","decl":{"start":{"line":41,"column":25},"end":{"line":41,"column":26}},"loc":{"start":{"line":41,"column":45},"end":{"line":67,"column":1}},"line":41},"1":{"name":"(anonymous_1)","decl":{"start":{"line":118,"column":22},"end":{"line":118,"column":23}},"loc":{"start":{"line":118,"column":42},"end":{"line":143,"column":1}},"line":118},"2":{"name":"(anonymous_2)","decl":{"start":{"line":174,"column":34},"end":{"line":174,"column":35}},"loc":{"start":{"line":174,"column":54},"end":{"line":182,"column":1}},"line":174}},"branchMap":{"0":{"loc":{"start":{"line":46,"column":4},"end":{"line":48,"column":5}},"type":"if","locations":[{"start":{"line":46,"column":4},"end":{"line":48,"column":5}},{"start":{},"end":{}}],"line":46},"1":{"loc":{"start":{"line":122,"column":4},"end":{"line":124,"column":5}},"type":"if","locations":[{"start":{"line":122,"column":4},"end":{"line":124,"column":5}},{"start":{},"end":{}}],"line":122},"2":{"loc":{"start":{"line":122,"column":8},"end":{"line":122,"column":27}},"type":"binary-expr","locations":[{"start":{"line":122,"column":8},"end":{"line":122,"column":14}},{"start":{"line":122,"column":18},"end":{"line":122,"column":27}}],"line":122},"3":{"loc":{"start":{"line":127,"column":4},"end":{"line":129,"column":5}},"type":"if","locations":[{"start":{"line":127,"column":4},"end":{"line":129,"column":5}},{"start":{},"end":{}}],"line":127},"4":{"loc":{"start":{"line":132,"column":4},"end":{"line":134,"column":5}},"type":"if","locations":[{"start":{"line":132,"column":4},"end":{"line":134,"column":5}},{"start":{},"end":{}}],"line":132}},"s":{"0":4,"1":4,"2":4,"3":4,"4":4,"5":2,"6":2,"7":2,"8":2,"9":0,"10":2,"11":2,"12":2,"13":2,"14":0,"15":0,"16":4,"17":4,"18":2,"19":2,"20":2,"21":0,"22":2,"23":2,"24":0,"25":2,"26":2,"27":0,"28":2,"29":2,"30":2,"31":0,"32":0,"33":4,"34":4,"35":0,"36":0,"37":0,"38":0,"39":0,"40":4},"f":{"0":2,"1":2,"2":0},"b":{"0":[0,2],"1":[0,2],"2":[2,2],"3":[0,2],"4":[0,2]},"_coverageSchema":"1a1c01bbd47fc00a2c39e90264f33305004495a9","hash":"064b660bd19d0bd2235dab2cbd3d3099c59e527d"}
,"C:\\Users\\PC\\Desktop\\PROGRAMACION3\\P3_31898868\\routes\\categories.js": {"path":"C:\\Users\\PC\\Desktop\\PROGRAMACION3\\P3_31898868\\routes\\categories.js","statementMap":{"0":{"start":{"line":1,"column":16},"end":{"line":1,"column":34}},"1":{"start":{"line":2,"column":15},"end":{"line":2,"column":31}},"2":{"start":{"line":3,"column":21},"end":{"line":3,"column":41}},"3":{"start":{"line":5,"column":0},"end":{"line":13,"column":3}},"4":{"start":{"line":6,"column":2},"end":{"line":12,"column":3}},"5":{"start":{"line":7,"column":21},"end":{"line":7,"column":52}},"6":{"start":{"line":8,"column":4},"end":{"line":8,"column":64}},"7":{"start":{"line":10,"column":20},"end":{"line":10,"column":126}},"8":{"start":{"line":11,"column":4},"end":{"line":11,"column":64}},"9":{"start":{"line":15,"column":0},"end":{"line":18,"column":3}},"10":{"start":{"line":16,"column":21},"end":{"line":16,"column":45}},"11":{"start":{"line":17,"column":2},"end":{"line":17,"column":52}},"12":{"start":{"line":20,"column":0},"end":{"line":24,"column":3}},"13":{"start":{"line":21,"column":19},"end":{"line":21,"column":57}},"14":{"start":{"line":22,"column":2},"end":{"line":22,"column":97}},"15":{"start":{"line":22,"column":17},"end":{"line":22,"column":97}},"16":{"start":{"line":23,"column":2},"end":{"line":23,"column":50}},"17":{"start":{"line":26,"column":0},"end":{"line":31,"column":3}},"18":{"start":{"line":27,"column":19},"end":{"line":27,"column":57}},"19":{"start":{"line":28,"column":2},"end":{"line":28,"column":97}},"20":{"start":{"line":28,"column":17},"end":{"line":28,"column":97}},"21":{"start":{"line":29,"column":2},"end":{"line":29,"column":34}},"22":{"start":{"line":30,"column":2},"end":{"line":30,"column":50}},"23":{"start":{"line":33,"column":0},"end":{"line":38,"column":3}},"24":{"start":{"line":34,"column":19},"end":{"line":34,"column":57}},"25":{"start":{"line":35,"column":2},"end":{"line":35,"column":97}},"26":{"start":{"line":35,"column":17},"end":{"line":35,"column":97}},"27":{"start":{"line":36,"column":2},"end":{"line":36,"column":27}},"28":{"start":{"line":37,"column":2},"end":{"line":37,"column":46}},"29":{"start":{"line":40,"column":0},"end":{"line":40,"column":24}}},"fnMap":{"0":{"name":"(anonymous_0)","decl":{"start":{"line":5,"column":17},"end":{"line":5,"column":18}},"loc":{"start":{"line":5,"column":37},"end":{"line":13,"column":1}},"line":5},"1":{"name":"(anonymous_1)","decl":{"start":{"line":15,"column":16},"end":{"line":15,"column":17}},"loc":{"start":{"line":15,"column":36},"end":{"line":18,"column":1}},"line":15},"2":{"name":"(anonymous_2)","decl":{"start":{"line":20,"column":19},"end":{"line":20,"column":20}},"loc":{"start":{"line":20,"column":39},"end":{"line":24,"column":1}},"line":20},"3":{"name":"(anonymous_3)","decl":{"start":{"line":26,"column":19},"end":{"line":26,"column":20}},"loc":{"start":{"line":26,"column":39},"end":{"line":31,"column":1}},"line":26},"4":{"name":"(anonymous_4)","decl":{"start":{"line":33,"column":22},"end":{"line":33,"column":23}},"loc":{"start":{"line":33,"column":42},"end":{"line":38,"column":1}},"line":33}},"branchMap":{"0":{"loc":{"start":{"line":10,"column":20},"end":{"line":10,"column":126}},"type":"cond-expr","locations":[{"start":{"line":10,"column":68},"end":{"line":10,"column":98}},{"start":{"line":10,"column":101},"end":{"line":10,"column":126}}],"line":10},"1":{"loc":{"start":{"line":22,"column":2},"end":{"line":22,"column":97}},"type":"if","locations":[{"start":{"line":22,"column":2},"end":{"line":22,"column":97}},{"start":{},"end":{}}],"line":22},"2":{"loc":{"start":{"line":28,"column":2},"end":{"line":28,"column":97}},"type":"if","locations":[{"start":{"line":28,"column":2},"end":{"line":28,"column":97}},{"start":{},"end":{}}],"line":28},"3":{"loc":{"start":{"line":35,"column":2},"end":{"line":35,"column":97}},"type":"if","locations":[{"start":{"line":35,"column":2},"end":{"line":35,"column":97}},{"start":{},"end":{}}],"line":35}},"s":{"0":4,"1":4,"2":4,"3":4,"4":0,"5":0,"6":0,"7":0,"8":0,"9":4,"10":0,"11":0,"12":4,"13":0,"14":0,"15":0,"16":0,"17":4,"18":0,"19":0,"20":0,"21":0,"22":0,"23":4,"24":0,"25":0,"26":0,"27":0,"28":0,"29":4},"f":{"0":0,"1":0,"2":0,"3":0,"4":0},"b":{"0":[0,0],"1":[0,0],"2":[0,0],"3":[0,0]},"_coverageSchema":"1a1c01bbd47fc00a2c39e90264f33305004495a9","hash":"5c60dbaf6ff12cd0205eb5be7b34bb6935f16176"}
,"C:\\Users\\PC\\Desktop\\PROGRAMACION3\\P3_31898868\\routes\\index.js": {"path":"C:\\Users\\PC\\Desktop\\PROGRAMACION3\\P3_31898868\\routes\\index.js","statementMap":{"0":{"start":{"line":1,"column":14},"end":{"line":1,"column":32}},"1":{"start":{"line":2,"column":13},"end":{"line":2,"column":29}},"2":{"start":{"line":5,"column":0},"end":{"line":7,"column":3}},"3":{"start":{"line":6,"column":2},"end":{"line":6,"column":44}},"4":{"start":{"line":9,"column":0},"end":{"line":9,"column":24}}},"fnMap":{"0":{"name":"(anonymous_0)","decl":{"start":{"line":5,"column":16},"end":{"line":5,"column":17}},"loc":{"start":{"line":5,"column":41},"end":{"line":7,"column":1}},"line":5}},"branchMap":{},"s":{"0":4,"1":4,"2":4,"3":0,"4":4},"f":{"0":0},"b":{},"_coverageSchema":"1a1c01bbd47fc00a2c39e90264f33305004495a9","hash":"137d3c633ddcf02c1c362153d476f8eb1746013c"}
,"C:\\Users\\PC\\Desktop\\PROGRAMACION3\\P3_31898868\\routes\\products.js": {"path":"C:\\Users\\PC\\Desktop\\PROGRAMACION3\\P3_31898868\\routes\\products.js","statementMap":{"0":{"start":{"line":1,"column":16},"end":{"line":1,"column":34}},"1":{"start":{"line":2,"column":15},"end":{"line":2,"column":31}},"2":{"start":{"line":3,"column":26},"end":{"line":3,"column":70}},"3":{"start":{"line":4,"column":28},"end":{"line":4,"column":70}},"4":{"start":{"line":5,"column":20},"end":{"line":5,"column":40}},"5":{"start":{"line":54,"column":0},"end":{"line":63,"column":3}},"6":{"start":{"line":55,"column":2},"end":{"line":62,"column":3}},"7":{"start":{"line":56,"column":44},"end":{"line":56,"column":52}},"8":{"start":{"line":57,"column":20},"end":{"line":57,"column":75}},"9":{"start":{"line":58,"column":26},"end":{"line":58,"column":91}},"10":{"start":{"line":59,"column":4},"end":{"line":59,"column":69}},"11":{"start":{"line":61,"column":4},"end":{"line":61,"column":90}},"12":{"start":{"line":65,"column":0},"end":{"line":69,"column":3}},"13":{"start":{"line":66,"column":18},"end":{"line":66,"column":65}},"14":{"start":{"line":67,"column":2},"end":{"line":67,"column":96}},"15":{"start":{"line":67,"column":16},"end":{"line":67,"column":96}},"16":{"start":{"line":68,"column":2},"end":{"line":68,"column":49}},"17":{"start":{"line":71,"column":0},"end":{"line":77,"column":3}},"18":{"start":{"line":72,"column":42},"end":{"line":72,"column":50}},"19":{"start":{"line":73,"column":18},"end":{"line":73,"column":88}},"20":{"start":{"line":74,"column":2},"end":{"line":74,"column":96}},"21":{"start":{"line":74,"column":16},"end":{"line":74,"column":96}},"22":{"start":{"line":75,"column":24},"end":{"line":75,"column":89}},"23":{"start":{"line":76,"column":2},"end":{"line":76,"column":55}},"24":{"start":{"line":79,"column":0},"end":{"line":83,"column":3}},"25":{"start":{"line":80,"column":18},"end":{"line":80,"column":63}},"26":{"start":{"line":81,"column":2},"end":{"line":81,"column":96}},"27":{"start":{"line":81,"column":16},"end":{"line":81,"column":96}},"28":{"start":{"line":82,"column":2},"end":{"line":82,"column":46}},"29":{"start":{"line":161,"column":0},"end":{"line":178,"column":3}},"30":{"start":{"line":162,"column":13},"end":{"line":168,"column":32}},"31":{"start":{"line":170,"column":16},"end":{"line":170,"column":26}},"32":{"start":{"line":171,"column":26},"end":{"line":171,"column":61}},"33":{"start":{"line":173,"column":2},"end":{"line":177,"column":5}},"34":{"start":{"line":180,"column":0},"end":{"line":190,"column":3}},"35":{"start":{"line":181,"column":18},"end":{"line":181,"column":55}},"36":{"start":{"line":182,"column":2},"end":{"line":182,"column":96}},"37":{"start":{"line":182,"column":16},"end":{"line":182,"column":96}},"38":{"start":{"line":183,"column":2},"end":{"line":188,"column":3}},"39":{"start":{"line":184,"column":4},"end":{"line":187,"column":7}},"40":{"start":{"line":189,"column":2},"end":{"line":189,"column":49}},"41":{"start":{"line":192,"column":0},"end":{"line":192,"column":24}}},"fnMap":{"0":{"name":"(anonymous_0)","decl":{"start":{"line":54,"column":17},"end":{"line":54,"column":18}},"loc":{"start":{"line":54,"column":37},"end":{"line":63,"column":1}},"line":54},"1":{"name":"(anonymous_1)","decl":{"start":{"line":65,"column":19},"end":{"line":65,"column":20}},"loc":{"start":{"line":65,"column":39},"end":{"line":69,"column":1}},"line":65},"2":{"name":"(anonymous_2)","decl":{"start":{"line":71,"column":19},"end":{"line":71,"column":20}},"loc":{"start":{"line":71,"column":39},"end":{"line":77,"column":1}},"line":71},"3":{"name":"(anonymous_3)","decl":{"start":{"line":79,"column":22},"end":{"line":79,"column":23}},"loc":{"start":{"line":79,"column":42},"end":{"line":83,"column":1}},"line":79},"4":{"name":"(anonymous_4)","decl":{"start":{"line":161,"column":22},"end":{"line":161,"column":23}},"loc":{"start":{"line":161,"column":42},"end":{"line":178,"column":1}},"line":161},"5":{"name":"(anonymous_5)","decl":{"start":{"line":180,"column":27},"end":{"line":180,"column":28}},"loc":{"start":{"line":180,"column":47},"end":{"line":190,"column":1}},"line":180}},"branchMap":{"0":{"loc":{"start":{"line":67,"column":2},"end":{"line":67,"column":96}},"type":"if","locations":[{"start":{"line":67,"column":2},"end":{"line":67,"column":96}},{"start":{},"end":{}}],"line":67},"1":{"loc":{"start":{"line":74,"column":2},"end":{"line":74,"column":96}},"type":"if","locations":[{"start":{"line":74,"column":2},"end":{"line":74,"column":96}},{"start":{},"end":{}}],"line":74},"2":{"loc":{"start":{"line":81,"column":2},"end":{"line":81,"column":96}},"type":"if","locations":[{"start":{"line":81,"column":2},"end":{"line":81,"column":96}},{"start":{},"end":{}}],"line":81},"3":{"loc":{"start":{"line":176,"column":32},"end":{"line":176,"column":59}},"type":"binary-expr","locations":[{"start":{"line":176,"column":32},"end":{"line":176,"column":54}},{"start":{"line":176,"column":58},"end":{"line":176,"column":59}}],"line":176},"4":{"loc":{"start":{"line":176,"column":68},"end":{"line":176,"column":97}},"type":"binary-expr","locations":[{"start":{"line":176,"column":68},"end":{"line":176,"column":91}},{"start":{"line":176,"column":95},"end":{"line":176,"column":97}}],"line":176},"5":{"loc":{"start":{"line":182,"column":2},"end":{"line":182,"column":96}},"type":"if","locations":[{"start":{"line":182,"column":2},"end":{"line":182,"column":96}},{"start":{},"end":{}}],"line":182},"6":{"loc":{"start":{"line":183,"column":2},"end":{"line":188,"column":3}},"type":"if","locations":[{"start":{"line":183,"column":2},"end":{"line":188,"column":3}},{"start":{},"end":{}}],"line":183}},"s":{"0":4,"1":4,"2":4,"3":4,"4":4,"5":4,"6":0,"7":0,"8":0,"9":0,"10":0,"11":0,"12":4,"13":0,"14":0,"15":0,"16":0,"17":4,"18":0,"19":0,"20":0,"21":0,"22":0,"23":0,"24":4,"25":0,"26":0,"27":0,"28":0,"29":4,"30":0,"31":0,"32":0,"33":0,"34":4,"35":0,"36":0,"37":0,"38":0,"39":0,"40":0,"41":4},"f":{"0":0,"1":0,"2":0,"3":0,"4":0,"5":0},"b":{"0":[0,0],"1":[0,0],"2":[0,0],"3":[0,0],"4":[0,0],"5":[0,0],"6":[0,0]},"_coverageSchema":"1a1c01bbd47fc00a2c39e90264f33305004495a9","hash":"5a182923b3498e60187b338f1b1cc6e989861f0f"}
,"C:\\Users\\PC\\Desktop\\PROGRAMACION3\\P3_31898868\\routes\\tags.js": {"path":"C:\\Users\\PC\\Desktop\\PROGRAMACION3\\P3_31898868\\routes\\tags.js","statementMap":{"0":{"start":{"line":1,"column":16},"end":{"line":1,"column":34}},"1":{"start":{"line":2,"column":15},"end":{"line":2,"column":31}},"2":{"start":{"line":3,"column":16},"end":{"line":3,"column":36}},"3":{"start":{"line":5,"column":0},"end":{"line":13,"column":3}},"4":{"start":{"line":6,"column":2},"end":{"line":12,"column":3}},"5":{"start":{"line":7,"column":16},"end":{"line":7,"column":42}},"6":{"start":{"line":8,"column":4},"end":{"line":8,"column":59}},"7":{"start":{"line":10,"column":20},"end":{"line":10,"column":116}},"8":{"start":{"line":11,"column":4},"end":{"line":11,"column":64}},"9":{"start":{"line":15,"column":0},"end":{"line":18,"column":3}},"10":{"start":{"line":16,"column":15},"end":{"line":16,"column":34}},"11":{"start":{"line":17,"column":2},"end":{"line":17,"column":46}},"12":{"start":{"line":20,"column":0},"end":{"line":24,"column":3}},"13":{"start":{"line":21,"column":14},"end":{"line":21,"column":47}},"14":{"start":{"line":22,"column":2},"end":{"line":22,"column":92}},"15":{"start":{"line":22,"column":12},"end":{"line":22,"column":92}},"16":{"start":{"line":23,"column":2},"end":{"line":23,"column":45}},"17":{"start":{"line":26,"column":0},"end":{"line":31,"column":3}},"18":{"start":{"line":27,"column":14},"end":{"line":27,"column":47}},"19":{"start":{"line":28,"column":2},"end":{"line":28,"column":92}},"20":{"start":{"line":28,"column":12},"end":{"line":28,"column":92}},"21":{"start":{"line":29,"column":2},"end":{"line":29,"column":29}},"22":{"start":{"line":30,"column":2},"end":{"line":30,"column":45}},"23":{"start":{"line":33,"column":0},"end":{"line":38,"column":3}},"24":{"start":{"line":34,"column":14},"end":{"line":34,"column":47}},"25":{"start":{"line":35,"column":2},"end":{"line":35,"column":92}},"26":{"start":{"line":35,"column":12},"end":{"line":35,"column":92}},"27":{"start":{"line":36,"column":2},"end":{"line":36,"column":22}},"28":{"start":{"line":37,"column":2},"end":{"line":37,"column":46}},"29":{"start":{"line":40,"column":0},"end":{"line":40,"column":24}}},"fnMap":{"0":{"name":"(anonymous_0)","decl":{"start":{"line":5,"column":17},"end":{"line":5,"column":18}},"loc":{"start":{"line":5,"column":37},"end":{"line":13,"column":1}},"line":5},"1":{"name":"(anonymous_1)","decl":{"start":{"line":15,"column":16},"end":{"line":15,"column":17}},"loc":{"start":{"line":15,"column":36},"end":{"line":18,"column":1}},"line":15},"2":{"name":"(anonymous_2)","decl":{"start":{"line":20,"column":19},"end":{"line":20,"column":20}},"loc":{"start":{"line":20,"column":39},"end":{"line":24,"column":1}},"line":20},"3":{"name":"(anonymous_3)","decl":{"start":{"line":26,"column":19},"end":{"line":26,"column":20}},"loc":{"start":{"line":26,"column":39},"end":{"line":31,"column":1}},"line":26},"4":{"name":"(anonymous_4)","decl":{"start":{"line":33,"column":22},"end":{"line":33,"column":23}},"loc":{"start":{"line":33,"column":42},"end":{"line":38,"column":1}},"line":33}},"branchMap":{"0":{"loc":{"start":{"line":10,"column":20},"end":{"line":10,"column":116}},"type":"cond-expr","locations":[{"start":{"line":10,"column":68},"end":{"line":10,"column":93}},{"start":{"line":10,"column":96},"end":{"line":10,"column":116}}],"line":10},"1":{"loc":{"start":{"line":22,"column":2},"end":{"line":22,"column":92}},"type":"if","locations":[{"start":{"line":22,"column":2},"end":{"line":22,"column":92}},{"start":{},"end":{}}],"line":22},"2":{"loc":{"start":{"line":28,"column":2},"end":{"line":28,"column":92}},"type":"if","locations":[{"start":{"line":28,"column":2},"end":{"line":28,"column":92}},{"start":{},"end":{}}],"line":28},"3":{"loc":{"start":{"line":35,"column":2},"end":{"line":35,"column":92}},"type":"if","locations":[{"start":{"line":35,"column":2},"end":{"line":35,"column":92}},{"start":{},"end":{}}],"line":35}},"s":{"0":4,"1":4,"2":4,"3":4,"4":0,"5":0,"6":0,"7":0,"8":0,"9":4,"10":0,"11":0,"12":4,"13":0,"14":0,"15":0,"16":0,"17":4,"18":0,"19":0,"20":0,"21":0,"22":0,"23":4,"24":0,"25":0,"26":0,"27":0,"28":0,"29":4},"f":{"0":0,"1":0,"2":0,"3":0,"4":0},"b":{"0":[0,0],"1":[0,0],"2":[0,0],"3":[0,0]},"_coverageSchema":"1a1c01bbd47fc00a2c39e90264f33305004495a9","hash":"3d9b210081f020f65e3897e70e835aa85ea6b646"}
,"C:\\Users\\PC\\Desktop\\PROGRAMACION3\\P3_31898868\\routes\\users.js": {"path":"C:\\Users\\PC\\Desktop\\PROGRAMACION3\\P3_31898868\\routes\\users.js","statementMap":{"0":{"start":{"line":1,"column":16},"end":{"line":1,"column":34}},"1":{"start":{"line":2,"column":15},"end":{"line":2,"column":31}},"2":{"start":{"line":3,"column":17},"end":{"line":3,"column":37}},"3":{"start":{"line":4,"column":23},"end":{"line":4,"column":53}},"4":{"start":{"line":35,"column":0},"end":{"line":43,"column":3}},"5":{"start":{"line":36,"column":2},"end":{"line":42,"column":3}},"6":{"start":{"line":37,"column":18},"end":{"line":37,"column":38}},"7":{"start":{"line":38,"column":4},"end":{"line":38,"column":49}},"8":{"start":{"line":40,"column":4},"end":{"line":40,"column":52}},"9":{"start":{"line":41,"column":4},"end":{"line":41,"column":84}},"10":{"start":{"line":80,"column":0},"end":{"line":89,"column":3}},"11":{"start":{"line":81,"column":2},"end":{"line":88,"column":3}},"12":{"start":{"line":82,"column":17},"end":{"line":82,"column":51}},"13":{"start":{"line":83,"column":4},"end":{"line":83,"column":97}},"14":{"start":{"line":83,"column":15},"end":{"line":83,"column":97}},"15":{"start":{"line":84,"column":4},"end":{"line":84,"column":48}},"16":{"start":{"line":86,"column":4},"end":{"line":86,"column":52}},"17":{"start":{"line":87,"column":4},"end":{"line":87,"column":83}},"18":{"start":{"line":139,"column":0},"end":{"line":154,"column":3}},"19":{"start":{"line":140,"column":2},"end":{"line":153,"column":3}},"20":{"start":{"line":141,"column":38},"end":{"line":141,"column":46}},"21":{"start":{"line":142,"column":17},"end":{"line":142,"column":51}},"22":{"start":{"line":143,"column":4},"end":{"line":143,"column":97}},"23":{"start":{"line":143,"column":15},"end":{"line":143,"column":97}},"24":{"start":{"line":145,"column":4},"end":{"line":145,"column":64}},"25":{"start":{"line":146,"column":4},"end":{"line":146,"column":37}},"26":{"start":{"line":147,"column":4},"end":{"line":147,"column":22}},"27":{"start":{"line":149,"column":4},"end":{"line":149,"column":48}},"28":{"start":{"line":151,"column":4},"end":{"line":151,"column":55}},"29":{"start":{"line":152,"column":4},"end":{"line":152,"column":86}},"30":{"start":{"line":181,"column":0},"end":{"line":192,"column":3}},"31":{"start":{"line":182,"column":2},"end":{"line":191,"column":3}},"32":{"start":{"line":183,"column":17},"end":{"line":183,"column":51}},"33":{"start":{"line":184,"column":4},"end":{"line":184,"column":97}},"34":{"start":{"line":184,"column":15},"end":{"line":184,"column":97}},"35":{"start":{"line":186,"column":4},"end":{"line":186,"column":25}},"36":{"start":{"line":187,"column":4},"end":{"line":187,"column":66}},"37":{"start":{"line":189,"column":4},"end":{"line":189,"column":53}},"38":{"start":{"line":190,"column":4},"end":{"line":190,"column":84}},"39":{"start":{"line":194,"column":0},"end":{"line":194,"column":24}}},"fnMap":{"0":{"name":"(anonymous_0)","decl":{"start":{"line":35,"column":32},"end":{"line":35,"column":33}},"loc":{"start":{"line":35,"column":52},"end":{"line":43,"column":1}},"line":35},"1":{"name":"(anonymous_1)","decl":{"start":{"line":80,"column":35},"end":{"line":80,"column":36}},"loc":{"start":{"line":80,"column":55},"end":{"line":89,"column":1}},"line":80},"2":{"name":"(anonymous_2)","decl":{"start":{"line":139,"column":35},"end":{"line":139,"column":36}},"loc":{"start":{"line":139,"column":55},"end":{"line":154,"column":1}},"line":139},"3":{"name":"(anonymous_3)","decl":{"start":{"line":181,"column":38},"end":{"line":181,"column":39}},"loc":{"start":{"line":181,"column":58},"end":{"line":192,"column":1}},"line":181}},"branchMap":{"0":{"loc":{"start":{"line":83,"column":4},"end":{"line":83,"column":97}},"type":"if","locations":[{"start":{"line":83,"column":4},"end":{"line":83,"column":97}},{"start":{},"end":{}}],"line":83},"1":{"loc":{"start":{"line":143,"column":4},"end":{"line":143,"column":97}},"type":"if","locations":[{"start":{"line":143,"column":4},"end":{"line":143,"column":97}},{"start":{},"end":{}}],"line":143},"2":{"loc":{"start":{"line":145,"column":26},"end":{"line":145,"column":63}},"type":"binary-expr","locations":[{"start":{"line":145,"column":26},"end":{"line":145,"column":40}},{"start":{"line":145,"column":44},"end":{"line":145,"column":63}}],"line":145},"3":{"loc":{"start":{"line":146,"column":17},"end":{"line":146,"column":36}},"type":"binary-expr","locations":[{"start":{"line":146,"column":17},"end":{"line":146,"column":22}},{"start":{"line":146,"column":26},"end":{"line":146,"column":36}}],"line":146},"4":{"loc":{"start":{"line":184,"column":4},"end":{"line":184,"column":97}},"type":"if","locations":[{"start":{"line":184,"column":4},"end":{"line":184,"column":97}},{"start":{},"end":{}}],"line":184}},"s":{"0":4,"1":4,"2":4,"3":4,"4":4,"5":4,"6":4,"7":4,"8":0,"9":0,"10":4,"11":0,"12":0,"13":0,"14":0,"15":0,"16":0,"17":0,"18":4,"19":1,"20":1,"21":1,"22":1,"23":0,"24":1,"25":1,"26":1,"27":1,"28":0,"29":0,"30":4,"31":1,"32":1,"33":1,"34":0,"35":1,"36":1,"37":0,"38":0,"39":4},"f":{"0":4,"1":0,"2":1,"3":1},"b":{"0":[0,0],"1":[0,1],"2":[1,0],"3":[1,1],"4":[0,1]},"_coverageSchema":"1a1c01bbd47fc00a2c39e90264f33305004495a9","hash":"4fb6d95a40175bb446ea62f07773969b5a48b7aa"}
,"C:\\Users\\PC\\Desktop\\PROGRAMACION3\\P3_31898868\\services\\ProductQueryBuilder.js": {"path":"C:\\Users\\PC\\Desktop\\PROGRAMACION3\\P3_31898868\\services\\ProductQueryBuilder.js","statementMap":{"0":{"start":{"line":1,"column":15},"end":{"line":1,"column":35}},"1":{"start":{"line":2,"column":26},"end":{"line":2,"column":46}},"2":{"start":{"line":6,"column":4},"end":{"line":6,"column":20}},"3":{"start":{"line":7,"column":4},"end":{"line":7,"column":22}},"4":{"start":{"line":8,"column":4},"end":{"line":8,"column":18}},"5":{"start":{"line":9,"column":4},"end":{"line":9,"column":20}},"6":{"start":{"line":10,"column":4},"end":{"line":10,"column":41}},"7":{"start":{"line":13,"column":4},"end":{"line":13,"column":34}},"8":{"start":{"line":14,"column":4},"end":{"line":14,"column":37}},"9":{"start":{"line":15,"column":4},"end":{"line":15,"column":16}},"10":{"start":{"line":18,"column":4},"end":{"line":18,"column":27}},"11":{"start":{"line":18,"column":15},"end":{"line":18,"column":27}},"12":{"start":{"line":19,"column":4},"end":{"line":24,"column":6}},"13":{"start":{"line":25,"column":4},"end":{"line":25,"column":16}},"14":{"start":{"line":28,"column":4},"end":{"line":32,"column":5}},"15":{"start":{"line":29,"column":6},"end":{"line":29,"column":28}},"16":{"start":{"line":30,"column":6},"end":{"line":30,"column":46}},"17":{"start":{"line":30,"column":15},"end":{"line":30,"column":46}},"18":{"start":{"line":31,"column":6},"end":{"line":31,"column":46}},"19":{"start":{"line":31,"column":15},"end":{"line":31,"column":46}},"20":{"start":{"line":33,"column":4},"end":{"line":33,"column":16}},"21":{"start":{"line":36,"column":4},"end":{"line":36,"column":31}},"22":{"start":{"line":36,"column":19},"end":{"line":36,"column":31}},"23":{"start":{"line":37,"column":4},"end":{"line":37,"column":94}},"24":{"start":{"line":37,"column":32},"end":{"line":37,"column":52}},"25":{"start":{"line":37,"column":55},"end":{"line":37,"column":94}},"26":{"start":{"line":38,"column":4},"end":{"line":42,"column":5}},"27":{"start":{"line":39,"column":6},"end":{"line":39,"column":107}},"28":{"start":{"line":39,"column":43},"end":{"line":39,"column":105}},"29":{"start":{"line":41,"column":6},"end":{"line":41,"column":47}},"30":{"start":{"line":43,"column":4},"end":{"line":43,"column":16}},"31":{"start":{"line":46,"column":4},"end":{"line":46,"column":29}},"32":{"start":{"line":46,"column":17},"end":{"line":46,"column":29}},"33":{"start":{"line":47,"column":16},"end":{"line":47,"column":77}},"34":{"start":{"line":47,"column":51},"end":{"line":47,"column":60}},"35":{"start":{"line":48,"column":4},"end":{"line":48,"column":87}},"36":{"start":{"line":48,"column":20},"end":{"line":48,"column":87}},"37":{"start":{"line":49,"column":4},"end":{"line":49,"column":16}},"38":{"start":{"line":52,"column":4},"end":{"line":52,"column":66}},"39":{"start":{"line":52,"column":16},"end":{"line":52,"column":66}},"40":{"start":{"line":53,"column":4},"end":{"line":53,"column":63}},"41":{"start":{"line":53,"column":15},"end":{"line":53,"column":63}},"42":{"start":{"line":54,"column":4},"end":{"line":54,"column":63}},"43":{"start":{"line":54,"column":15},"end":{"line":54,"column":63}},"44":{"start":{"line":55,"column":4},"end":{"line":55,"column":43}},"45":{"start":{"line":55,"column":16},"end":{"line":55,"column":43}},"46":{"start":{"line":56,"column":4},"end":{"line":56,"column":52}},"47":{"start":{"line":56,"column":19},"end":{"line":56,"column":52}},"48":{"start":{"line":57,"column":4},"end":{"line":57,"column":61}},"49":{"start":{"line":57,"column":22},"end":{"line":57,"column":61}},"50":{"start":{"line":58,"column":4},"end":{"line":58,"column":45}},"51":{"start":{"line":58,"column":14},"end":{"line":58,"column":45}},"52":{"start":{"line":59,"column":4},"end":{"line":59,"column":16}},"53":{"start":{"line":62,"column":19},"end":{"line":62,"column":47}},"54":{"start":{"line":63,"column":4},"end":{"line":63,"column":102}},"55":{"start":{"line":66,"column":0},"end":{"line":66,"column":37}}},"fnMap":{"0":{"name":"(anonymous_0)","decl":{"start":{"line":5,"column":2},"end":{"line":5,"column":3}},"loc":{"start":{"line":5,"column":16},"end":{"line":11,"column":3}},"line":5},"1":{"name":"(anonymous_1)","decl":{"start":{"line":12,"column":2},"end":{"line":12,"column":3}},"loc":{"start":{"line":12,"column":38},"end":{"line":16,"column":3}},"line":12},"2":{"name":"(anonymous_2)","decl":{"start":{"line":17,"column":2},"end":{"line":17,"column":3}},"loc":{"start":{"line":17,"column":18},"end":{"line":26,"column":3}},"line":17},"3":{"name":"(anonymous_3)","decl":{"start":{"line":27,"column":2},"end":{"line":27,"column":3}},"loc":{"start":{"line":27,"column":26},"end":{"line":34,"column":3}},"line":27},"4":{"name":"(anonymous_4)","decl":{"start":{"line":35,"column":2},"end":{"line":35,"column":3}},"loc":{"start":{"line":35,"column":24},"end":{"line":44,"column":3}},"line":35},"5":{"name":"(anonymous_5)","decl":{"start":{"line":37,"column":27},"end":{"line":37,"column":28}},"loc":{"start":{"line":37,"column":32},"end":{"line":37,"column":52}},"line":37},"6":{"name":"(anonymous_6)","decl":{"start":{"line":39,"column":38},"end":{"line":39,"column":39}},"loc":{"start":{"line":39,"column":43},"end":{"line":39,"column":105}},"line":39},"7":{"name":"(anonymous_7)","decl":{"start":{"line":45,"column":2},"end":{"line":45,"column":3}},"loc":{"start":{"line":45,"column":18},"end":{"line":50,"column":3}},"line":45},"8":{"name":"(anonymous_8)","decl":{"start":{"line":47,"column":46},"end":{"line":47,"column":47}},"loc":{"start":{"line":47,"column":51},"end":{"line":47,"column":60}},"line":47},"9":{"name":"(anonymous_9)","decl":{"start":{"line":51,"column":2},"end":{"line":51,"column":3}},"loc":{"start":{"line":51,"column":84},"end":{"line":60,"column":3}},"line":51},"10":{"name":"(anonymous_10)","decl":{"start":{"line":61,"column":2},"end":{"line":61,"column":3}},"loc":{"start":{"line":61,"column":10},"end":{"line":64,"column":3}},"line":61}},"branchMap":{"0":{"loc":{"start":{"line":12,"column":16},"end":{"line":12,"column":24}},"type":"default-arg","locations":[{"start":{"line":12,"column":23},"end":{"line":12,"column":24}}],"line":12},"1":{"loc":{"start":{"line":12,"column":26},"end":{"line":12,"column":36}},"type":"default-arg","locations":[{"start":{"line":12,"column":34},"end":{"line":12,"column":36}}],"line":12},"2":{"loc":{"start":{"line":13,"column":16},"end":{"line":13,"column":33}},"type":"binary-expr","locations":[{"start":{"line":13,"column":16},"end":{"line":13,"column":28}},{"start":{"line":13,"column":32},"end":{"line":13,"column":33}}],"line":13},"3":{"loc":{"start":{"line":14,"column":17},"end":{"line":14,"column":36}},"type":"binary-expr","locations":[{"start":{"line":14,"column":17},"end":{"line":14,"column":30}},{"start":{"line":14,"column":34},"end":{"line":14,"column":36}}],"line":14},"4":{"loc":{"start":{"line":18,"column":4},"end":{"line":18,"column":27}},"type":"if","locations":[{"start":{"line":18,"column":4},"end":{"line":18,"column":27}},{"start":{},"end":{}}],"line":18},"5":{"loc":{"start":{"line":28,"column":4},"end":{"line":32,"column":5}},"type":"if","locations":[{"start":{"line":28,"column":4},"end":{"line":32,"column":5}},{"start":{},"end":{}}],"line":28},"6":{"loc":{"start":{"line":28,"column":8},"end":{"line":28,"column":18}},"type":"binary-expr","locations":[{"start":{"line":28,"column":8},"end":{"line":28,"column":11}},{"start":{"line":28,"column":15},"end":{"line":28,"column":18}}],"line":28},"7":{"loc":{"start":{"line":30,"column":6},"end":{"line":30,"column":46}},"type":"if","locations":[{"start":{"line":30,"column":6},"end":{"line":30,"column":46}},{"start":{},"end":{}}],"line":30},"8":{"loc":{"start":{"line":31,"column":6},"end":{"line":31,"column":46}},"type":"if","locations":[{"start":{"line":31,"column":6},"end":{"line":31,"column":46}},{"start":{},"end":{}}],"line":31},"9":{"loc":{"start":{"line":36,"column":4},"end":{"line":36,"column":31}},"type":"if","locations":[{"start":{"line":36,"column":4},"end":{"line":36,"column":31}},{"start":{},"end":{}}],"line":36},"10":{"loc":{"start":{"line":37,"column":4},"end":{"line":37,"column":94}},"type":"if","locations":[{"start":{"line":37,"column":4},"end":{"line":37,"column":94}},{"start":{},"end":{}}],"line":37},"11":{"loc":{"start":{"line":38,"column":4},"end":{"line":42,"column":5}},"type":"if","locations":[{"start":{"line":38,"column":4},"end":{"line":42,"column":5}},{"start":{"line":40,"column":11},"end":{"line":42,"column":5}}],"line":38},"12":{"loc":{"start":{"line":39,"column":43},"end":{"line":39,"column":105}},"type":"cond-expr","locations":[{"start":{"line":39,"column":66},"end":{"line":39,"column":101}},{"start":{"line":39,"column":104},"end":{"line":39,"column":105}}],"line":39},"13":{"loc":{"start":{"line":46,"column":4},"end":{"line":46,"column":29}},"type":"if","locations":[{"start":{"line":46,"column":4},"end":{"line":46,"column":29}},{"start":{},"end":{}}],"line":46},"14":{"loc":{"start":{"line":48,"column":4},"end":{"line":48,"column":87}},"type":"if","locations":[{"start":{"line":48,"column":4},"end":{"line":48,"column":87}},{"start":{},"end":{}}],"line":48},"15":{"loc":{"start":{"line":52,"column":4},"end":{"line":52,"column":66}},"type":"if","locations":[{"start":{"line":52,"column":4},"end":{"line":52,"column":66}},{"start":{},"end":{}}],"line":52},"16":{"loc":{"start":{"line":53,"column":4},"end":{"line":53,"column":63}},"type":"if","locations":[{"start":{"line":53,"column":4},"end":{"line":53,"column":63}},{"start":{},"end":{}}],"line":53},"17":{"loc":{"start":{"line":54,"column":4},"end":{"line":54,"column":63}},"type":"if","locations":[{"start":{"line":54,"column":4},"end":{"line":54,"column":63}},{"start":{},"end":{}}],"line":54},"18":{"loc":{"start":{"line":55,"column":4},"end":{"line":55,"column":43}},"type":"if","locations":[{"start":{"line":55,"column":4},"end":{"line":55,"column":43}},{"start":{},"end":{}}],"line":55},"19":{"loc":{"start":{"line":56,"column":4},"end":{"line":56,"column":52}},"type":"if","locations":[{"start":{"line":56,"column":4},"end":{"line":56,"column":52}},{"start":{},"end":{}}],"line":56},"20":{"loc":{"start":{"line":57,"column":4},"end":{"line":57,"column":61}},"type":"if","locations":[{"start":{"line":57,"column":4},"end":{"line":57,"column":61}},{"start":{},"end":{}}],"line":57},"21":{"loc":{"start":{"line":58,"column":4},"end":{"line":58,"column":45}},"type":"if","locations":[{"start":{"line":58,"column":4},"end":{"line":58,"column":45}},{"start":{},"end":{}}],"line":58}},"s":{"0":4,"1":4,"2":0,"3":0,"4":0,"5":0,"6":0,"7":0,"8":0,"9":0,"10":0,"11":0,"12":0,"13":0,"14":0,"15":0,"16":0,"17":0,"18":0,"19":0,"20":0,"21":0,"22":0,"23":0,"24":0,"25":0,"26":0,"27":0,"28":0,"29":0,"30":0,"31":0,"32":0,"33":0,"34":0,"35":0,"36":0,"37":0,"38":0,"39":0,"40":0,"41":0,"42":0,"43":0,"44":0,"45":0,"46":0,"47":0,"48":0,"49":0,"50":0,"51":0,"52":0,"53":0,"54":0,"55":4},"f":{"0":0,"1":0,"2":0,"3":0,"4":0,"5":0,"6":0,"7":0,"8":0,"9":0,"10":0},"b":{"0":[0],"1":[0],"2":[0,0],"3":[0,0],"4":[0,0],"5":[0,0],"6":[0,0],"7":[0,0],"8":[0,0],"9":[0,0],"10":[0,0],"11":[0,0],"12":[0,0],"13":[0,0],"14":[0,0],"15":[0,0],"16":[0,0],"17":[0,0],"18":[0,0],"19":[0,0],"20":[0,0],"21":[0,0]},"_coverageSchema":"1a1c01bbd47fc00a2c39e90264f33305004495a9","hash":"7e6ba4cd96eb4685bd69224634ce564950f5c8e2"}
}
